Flutter crash report; please file at https://github.com/flutter/flutter/issues.

## command

flutter run

## exception

NoSuchMethodError: NoSuchMethodError: The getter 'length' was called on null.
Receiver: null
Tried calling: length

```
#0      Object.noSuchMethod (dart:core-patch/object_patch.dart:50:5)
#1      _Uri._uriEncode (dart:core-patch/uri_patch.dart:44:23)
#2      Uri.encodeFull (dart:core/uri.dart:1145:17)
#3      MappedListIterable.elementAt (dart:_internal/iterable.dart:414:29)
#4      MappedListIterable.elementAt (dart:_internal/iterable.dart:414:40)
#5      ListIterable.toList (dart:_internal/iterable.dart:219:19)
#6      FlutterManifest.assets (package:flutter_tools/src/flutter_manifest.dart:182:11)
#7      _parseAssets (package:flutter_tools/src/asset.dart:558:40)
#8      _ManifestAssetBundle.build (package:flutter_tools/src/asset.dart:142:53)
<asynchronous suspension>
#9      HotRunner._updateDevFS (package:flutter_tools/src/run_hot.dart:314:44)
<asynchronous suspension>
#10     HotRunner.attach (package:flutter_tools/src/run_hot.dart:181:46)
<asynchronous suspension>
#11     HotRunner.run (package:flutter_tools/src/run_hot.dart:263:12)
<asynchronous suspension>
#12     RunCommand.runCommand (package:flutter_tools/src/commands/run.dart:428:37)
<asynchronous suspension>
#13     FlutterCommand.verifyThenRunCommand (package:flutter_tools/src/runner/flutter_command.dart:559:18)
#14     _asyncThenWrapperHelper.<anonymous closure> (dart:async-patch/async_patch.dart:77:64)
#15     _rootRunUnary (dart:async/zone.dart:1132:38)
#16     _CustomZone.runUnary (dart:async/zone.dart:1029:19)
#17     _FutureListener.handleValue (dart:async/future_impl.dart:126:18)
#18     Future._propagateToListeners.handleValueCallback (dart:async/future_impl.dart:639:45)
#19     Future._propagateToListeners (dart:async/future_impl.dart:668:32)
#20     Future._complete (dart:async/future_impl.dart:473:7)
#21     _SyncCompleter.complete (dart:async/future_impl.dart:51:12)
#22     _AsyncAwaitCompleter.complete (dart:async-patch/async_patch.dart:28:18)
#23     _completeOnAsyncReturn (dart:async-patch/async_patch.dart:294:13)
#24     RunCommand.usageValues (package:flutter_tools/src/commands/run.dart)
#25     _asyncThenWrapperHelper.<anonymous closure> (dart:async-patch/async_patch.dart:77:64)
#26     _rootRunUnary (dart:async/zone.dart:1132:38)
#27     _CustomZone.runUnary (dart:async/zone.dart:1029:19)
#28     _FutureListener.handleValue (dart:async/future_impl.dart:126:18)
#29     Future._propagateToListeners.handleValueCallback (dart:async/future_impl.dart:639:45)
#30     Future._propagateToListeners (dart:async/future_impl.dart:668:32)
#31     Future._complete (dart:async/future_impl.dart:473:7)
#32     _SyncCompleter.complete (dart:async/future_impl.dart:51:12)
#33     _AsyncAwaitCompleter.complete.<anonymous closure> (dart:async-patch/async_patch.dart:33:20)
#34     _rootRun (dart:async/zone.dart:1124:13)
#35     _CustomZone.run (dart:async/zone.dart:1021:19)
#36     _CustomZone.bindCallback.<anonymous closure> (dart:async/zone.dart:947:23)
#37     _microtaskLoop (dart:async/schedule_microtask.dart:41:21)
#38     _startMicrotaskLoop (dart:async/schedule_microtask.dart:50:5)
#39     _runPendingImmediateCallback (dart:isolate-patch/isolate_patch.dart:115:13)
#40     _RawReceivePortImpl._handleMessage (dart:isolate-patch/isolate_patch.dart:172:5)
```

## flutter doctor

```
[32m[✓][39m Flutter (Channel beta, v1.5.4-hotfix.2, on Microsoft Windows [Version 10.0.18362.53], locale zh-CN)
    [32m•[39m Flutter version 1.5.4-hotfix.2 at G:\softwares\flutter
    [32m•[39m Framework revision 7a4c33425d (7 days ago), 2019-04-29 11:05:24 -0700
    [32m•[39m Engine revision 52c7a1e849
    [32m•[39m Dart version 2.3.0 (build 2.3.0-dev.0.5 a1668566e5)

[32m[✓][39m Android toolchain - develop for Android devices (Android SDK version 28.0.3)
    [32m•[39m Android SDK at G:\softwares\AndroidSDK
    [32m•[39m Android NDK location not configured (optional; useful for native profiling support)
    [32m•[39m Platform android-28, build-tools 28.0.3
    [32m•[39m ANDROID_HOME = G:\softwares\AndroidSDK
    [32m•[39m Java binary at: G:\softwares\Android Studio\jre\bin\java
    [32m•[39m Java version OpenJDK Runtime Environment (build 1.8.0_152-release-1343-b01)
    [32m•[39m All Android licenses accepted.

[32m[✓][39m Android Studio (version 3.4)
    [32m•[39m Android Studio at G:\softwares\Android Studio
    [32m•[39m Flutter plugin version 35.2.1
    [32m•[39m Dart plugin version 183.6270
    [32m•[39m Java version OpenJDK Runtime Environment (build 1.8.0_152-release-1343-b01)

[32m[✓][39m Connected device (1 available)
    [32m•[39m TNY AL00 • 2XT0218B16008151 • android-arm64 • Android 9 (API 28)

[32m•[39m No issues found!
```
